Error[1105] D:\microchip_solutions_v2013-06-15\MiWi DE Demo\Basic Demos\Simple Example\Node 1\HardwareProfile.c 348 : symbol 'AD1PCFGbits' has not been defined
Error[1151] D:\microchip_solutions_v2013-06-15\MiWi DE Demo\Basic Demos\Simple Example\Node 1\HardwareProfile.c 348 : struct or union object designator expected
Error[1101] D:\microchip_solutions_v2013-06-15\MiWi DE Demo\Basic Demos\Simple Example\Node 1\HardwareProfile.c 348 : lvalue required
Error[1105] D:\microchip_solutions_v2013-06-15\MiWi DE Demo\Basic Demos\Simple Example\Node 1\HardwareProfile.c 363 : symbol 'RF_INT_TRIS' has not been defined
Error[1101] D:\microchip_solutions_v2013-06-15\MiWi DE Demo\Basic Demos\Simple Example\Node 1\HardwareProfile.c 363 : lvalue required
Error[1205] D:\microchip_solutions_v2013-06-15\MiWi DE Demo\Basic Demos\Simple Example\Node 1\HardwareProfile.c 366 : unknown member 'TRISF8' in '__tag_175'
Error[1131] D:\microchip_solutions_v2013-06-15\MiWi DE Demo\Basic Demos\Simple Example\Node 1\HardwareProfile.c 366 : type mismatch in assignment
Error[1205] D:\microchip_solutions_v2013-06-15\MiWi DE Demo\Basic Demos\Simple Example\Node 1\HardwareProfile.c 368 : unknown member 'LATF8' in '__tag_136'
Error[1131] D:\microchip_solutions_v2013-06-15\MiWi DE Demo\Basic Demos\Simple Example\Node 1\HardwareProfile.c 368 : type mismatch in assignment
Error[1105] D:\microchip_solutions_v2013-06-15\MiWi DE Demo\Basic Demos\Simple Example\Node 1\HardwareProfile.c 481 : symbol 'SPI1CON1' has not been defined
Error[1101] D:\microchip_solutions_v2013-06-15\MiWi DE Demo\Basic Demos\Simple Example\Node 1\HardwareProfile.c 481 : lvalue required
Error[1105] D:\microchip_solutions_v2013-06-15\MiWi DE Demo\Basic Demos\Simple Example\Node 1\HardwareProfile.c 482 : symbol 'SPI1STAT' has not been defined
Error[1101] D:\microchip_solutions_v2013-06-15\MiWi DE Demo\Basic Demos\Simple Example\Node 1\HardwareProfile.c 482 : lvalue required
Error[1105] D:\microchip_solutions_v2013-06-15\MiWi DE Demo\Basic Demos\Simple Example\Node 1\HardwareProfile.c 484 : symbol 'SPI2CON1' has not been defined
Error[1101] D:\microchip_solutions_v2013-06-15\MiWi DE Demo\Basic Demos\Simple Example\Node 1\HardwareProfile.c 484 : lvalue required
Error[1105] D:\microchip_solutions_v2013-06-15\MiWi DE Demo\Basic Demos\Simple Example\Node 1\HardwareProfile.c 485 : symbol 'SPI2STAT' has not been defined
Error[1101] D:\microchip_solutions_v2013-06-15\MiWi DE Demo\Basic Demos\Simple Example\Node 1\HardwareProfile.c 485 : lvalue required
Error[1205] D:\microchip_solutions_v2013-06-15\MiWi DE Demo\Basic Demos\Simple Example\Node 1\HardwareProfile.c 505 : unknown member 'INT1EP' in '__tag_397'
Error[1131] D:\microchip_solutions_v2013-06-15\MiWi DE Demo\Basic Demos\Simple Example\Node 1\HardwareProfile.c 505 : type mismatch in assignment
Error[1105] D:\microchip_solutions_v2013-06-15\MiWi DE Demo\Basic Demos\Simple Example\Node 1\HardwareProfile.c 510 : symbol 'AD1PCFGbits' has not been defined
Error[1151] D:\microchip_solutions_v2013-06-15\MiWi DE Demo\Basic Demos\Simple Example\Node 1\HardwareProfile.c 510 : struct or union object designator expected
Error[1101] D:\microchip_solutions_v2013-06-15\MiWi DE Demo\Basic Demos\Simple Example\Node 1\HardwareProfile.c 510 : lvalue required
Error[1205] D:\microchip_solutions_v2013-06-15\MiWi DE Demo\Basic Demos\Simple Example\Node 1\HardwareProfile.c 514 : unknown member 'TRISD12' in '__tag_163'
Error[1131] D:\microchip_solutions_v2013-06-15\MiWi DE Demo\Basic Demos\Simple Example\Node 1\HardwareProfile.c 514 : type mismatch in assignment
Error[1205] D:\microchip_solutions_v2013-06-15\MiWi DE Demo\Basic Demos\Simple Example\Node 1\HardwareProfile.c 515 : unknown member 'LATD12' in '__tag_134'
